<?xml version="1.0" encoding="UTF-8"?>
<testng-results ignored="0" total="1" passed="1" failed="0" skipped="0">
  <reporter-output>
  </reporter-output>
  <suite started-at="2021-02-05T10:18:28 IST" name="Default suite" finished-at="2021-02-05T10:18:58 IST" duration-ms="30321">
    <groups>
    </groups>
    <test started-at="2021-02-05T10:18:28 IST" name="Default test" finished-at="2021-02-05T10:18:58 IST" duration-ms="30321">
      <class name="ActionsPackages.MouseClick">
        <test-method is-config="true" signature="setup()[pri:0, instance:ActionsPackages.MouseClick@3a6bb9bf]" started-at="2021-02-05T10:18:28 IST" name="setup" finished-at="2021-02-05T10:18:31 IST" duration-ms="3518" status="PASS">
          <reporter-output>
          </reporter-output>
        </test-method> <!-- setup -->
        <test-method signature="RightClick()[pri:0, instance:ActionsPackages.MouseClick@3a6bb9bf]" started-at="2021-02-05T10:18:31 IST" name="RightClick" finished-at="2021-02-05T10:18:57 IST" duration-ms="25770" status="PASS">
          <reporter-output>
          </reporter-output>
        </test-method> <!-- RightClick -->
        <test-method is-config="true" signature="tearDown()[pri:0, instance:ActionsPackages.MouseClick@3a6bb9bf]" started-at="2021-02-05T10:18:57 IST" name="tearDown" finished-at="2021-02-05T10:18:58 IST" duration-ms="905" status="PASS">
          <reporter-output>
          </reporter-output>
        </test-method> <!-- tearDown -->
      </class> <!-- ActionsPackages.MouseClick -->
    </test> <!-- Default test -->
  </suite> <!-- Default suite -->
</testng-results>
